<?xml version="1.0" encoding="UTF-8"?>
<testng-results skipped="0" failed="0" total="1" passed="1">
  <reporter-output>
  </reporter-output>
  <suite name="Suite" duration-ms="73480" started-at="2020-02-01T11:36:48Z" finished-at="2020-02-01T11:38:02Z">
    <groups>
    </groups>
    <test name="Test" duration-ms="73480" started-at="2020-02-01T11:36:48Z" finished-at="2020-02-01T11:38:02Z">
      <class name="compare.ComparePriceTest">
        <test-method status="PASS" signature="openBrowser()[pri:0, instance:compare.ComparePriceTest@35f983a6]" name="openBrowser" is-config="true" duration-ms="5590" started-at="2020-02-01T17:06:48Z" finished-at="2020-02-01T17:06:54Z">
          <reporter-output>
          </reporter-output>
        </test-method> <!-- openBrowser -->
        <test-method status="PASS" signature="comparePriceTest()[pri:0, instance:compare.ComparePriceTest@35f983a6]" name="comparePriceTest" duration-ms="65531" started-at="2020-02-01T17:06:54Z" finished-at="2020-02-01T17:08:00Z">
          <reporter-output>
          </reporter-output>
        </test-method> <!-- comparePriceTest -->
        <test-method status="PASS" signature="closeApplication()[pri:0, instance:compare.ComparePriceTest@35f983a6]" name="closeApplication" is-config="true" duration-ms="2342" started-at="2020-02-01T17:08:00Z" finished-at="2020-02-01T17:08:02Z">
          <reporter-output>
          </reporter-output>
        </test-method> <!-- closeApplication -->
      </class> <!-- compare.ComparePriceTest -->
    </test> <!-- Test -->
  </suite> <!-- Suite -->
</testng-results>
